2020-08-22 13:16:52,217:INFO:PyCaret Classification Module
2020-08-22 13:16:52,218:INFO:version 2.0
2020-08-22 13:16:52,218:INFO:Initializing setup()
2020-08-22 13:16:52,218:INFO:USI: 928e
2020-08-22 13:16:52,220:INFO:setup(data=(395, 30), target=[[ 6]
 [ 6]
 [10]
 [15]
 [10]
 [15]
 [11]
 [ 6]
 [19]
 [15]
 [ 9]
 [12]
 [14]
 [11]
 [16]
 [14]
 [14]
 [10]
 [ 5]
 [10]
 [15]
 [15]
 [16]
 [12]
 [ 8]
 [ 8]
 [11]
 [15]
 [11]
 [11]
 [12]
 [17]
 [16]
 [12]
 [15]
 [ 6]
 [18]
 [15]
 [11]
 [13]
 [11]
 [12]
 [18]
 [11]
 [ 9]
 [ 6]
 [11]
 [20]
 [14]
 [ 7]
 [13]
 [13]
 [10]
 [11]
 [13]
 [10]
 [15]
 [15]
 [ 9]
 [16]
 [11]
 [11]
 [ 9]
 [ 9]
 [10]
 [15]
 [12]
 [ 6]
 [ 8]
 [16]
 [15]
 [10]
 [ 5]
 [14]
 [11]
 [10]
 [10]
 [11]
 [10]
 [ 5]
 [12]
 [11]
 [ 6]
 [15]
 [10]
 [ 8]
 [ 6]
 [14]
 [10]
 [ 7]
 [ 8]
 [18]
 [ 6]
 [10]
 [14]
 [10]
 [15]
 [10]
 [14]
 [ 8]
 [ 5]
 [17]
 [14]
 [ 6]
 [18]
 [11]
 [ 8]
 [18]
 [13]
 [16]
 [19]
 [10]
 [13]
 [19]
 [ 9]
 [16]
 [14]
 [13]
 [ 8]
 [13]
 [15]
 [15]
 [13]
 [13]
 [ 8]
 [12]
 [11]
 [ 9]
 [ 0]
 [18]
 [ 0]
 [ 0]
 [12]
 [11]
 [ 0]
 [ 0]
 [ 0]
 [ 0]
 [12]
 [15]
 [ 0]
 [ 9]
 [11]
 [13]
 [ 0]
 [11]
 [ 0]
 [11]
 [ 0]
 [10]
 [ 0]
 [14]
 [10]
 [ 0]
 [12]
 [ 8]
 [13]
 [10]
 [15]
 [12]
 [ 0]
 [ 7]
 [ 0]
 [10]
 [ 7]
 [12]
 [10]
 [16]
 [ 0]
 [14]
 [ 0]
 [16]
 [10]
 [ 0]
 [ 9]
 [ 9]
 [11]
 [ 6]
 [ 9]
 [11]
 [ 8]
 [12]
 [17]
 [ 8]
 [12]
 [11]
 [11]
 [15]
 [ 9]
 [10]
 [13]
 [ 9]
 [ 8]
 [10]
 [14]
 [15]
 [16]
 [10]
 [18]
 [10]
 [16]
 [10]
 [10]
 [ 6]
 [11]
 [ 9]
 [ 7]
 [13]
 [10]
 [ 7]
 [ 8]
 [13]
 [14]
 [ 8]
 [10]
 [15]
 [ 4]
 [ 8]
 [ 8]
 [10]
 [ 6]
 [ 0]
 [17]
 [13]
 [14]
 [ 7]
 [15]
 [12]
 [ 9]
 [12]
 [14]
 [11]
 [ 9]
 [13]
 [ 6]
 [10]
 [13]
 [12]
 [11]
 [ 0]
 [12]
 [12]
 [ 0]
 [12]
 [ 0]
 [18]
 [13]
 [ 8]
 [ 5]
 [15]
 [ 8]
 [10]
 [ 8]
 [ 8]
 [12]
 [ 8]
 [13]
 [11]
 [14]
 [ 0]
 [18]
 [ 8]
 [12]
 [ 9]
 [ 0]
 [17]
 [10]
 [11]
 [10]
 [ 0]
 [ 9]
 [14]
 [11]
 [14]
 [10]
 [12]
 [ 9]
 [ 9]
 [ 8]
 [10]
 [ 8]
 [10]
 [12]
 [10]
 [11]
 [11]
 [19]
 [12]
 [14]
 [15]
 [11]
 [15]
 [13]
 [18]
 [14]
 [11]
 [ 0]
 [ 8]
 [14]
 [16]
 [11]
 [10]
 [14]
 [18]
 [13]
 [12]
 [18]
 [ 8]
 [12]
 [10]
 [ 0]
 [13]
 [11]
 [11]
 [13]
 [11]
 [ 0]
 [ 9]
 [10]
 [11]
 [13]
 [ 9]
 [11]
 [15]
 [15]
 [11]
 [16]
 [10]
 [ 9]
 [14]
 [ 8]
 [14]
 [ 0]
 [ 0]
 [ 0]
 [15]
 [13]
 [ 0]
 [17]
 [10]
 [11]
 [ 0]
 [15]
 [ 0]
 [10]
 [14]
 [16]
 [ 9]
 [15]
 [13]
 [ 8]
 [13]
 [ 8]
 [ 8]
 [11]
 [ 9]
 [13]
 [11]
 [10]
 [16]
 [13]
 [12]
 [10]
 [15]
 [12]
 [10]
 [13]
 [ 0]
 [10]
 [11]
 [ 9]
 [12]
 [11]
 [ 5]
 [19]
 [10]
 [15]
 [10]
 [15]
 [10]
 [14]
 [ 7]
 [10]
 [ 0]
 [ 5]
 [10]
 [ 6]
 [ 0]
 [ 8]
 [ 0]
 [ 9]
 [16]
 [ 7]
 [10]
 [ 9]], train_size=0.7, sampling=True, sample_estimator=None, categorical_features=None, categorical_imputation=constant, ordinal_features=None,
                    high_cardinality_features=None, high_cardinality_method=frequency, numeric_features=None, numeric_imputation=mean, date_features=None, ignore_features=None, normalize=False,
                    normalize_method=zscore, transformation=False, transformation_method=yeo-johnson, handle_unknown_categorical=True, unknown_categorical_method=least_frequent, pca=False, pca_method=linear,
                    pca_components=None, ignore_low_variance=False, combine_rare_levels=False, rare_level_threshold=0.1, bin_numeric_features=None, remove_outliers=False, outliers_threshold=0.05,
                    remove_multicollinearity=False, multicollinearity_threshold=0.9, remove_perfect_collinearity=False, create_clusters=False, cluster_iter=20,
                    polynomial_features=False, polynomial_degree=2, trigonometry_features=False, polynomial_threshold=0.1, group_features=None,
                    group_names=None, feature_selection=False, feature_selection_threshold=0.8, feature_interaction=False, feature_ratio=False, interaction_threshold=0.01,
                    fix_imbalance=False, fix_imbalance_method=None, data_split_shuffle=True, folds_shuffle=False, n_jobs=-1, html=True, session_id=None, log_experiment=False,
                    experiment_name=None, log_plots=False, log_profile=False, log_data=False, silent=False, verbose=True, profile=False)
2020-08-22 13:16:52,220:INFO:Checking environment
2020-08-22 13:16:52,220:INFO:python_version: 3.8.3
2020-08-22 13:16:52,220:INFO:python_build: ('default', 'Jul  2 2020 11:26:31')
2020-08-22 13:16:52,220:INFO:machine: x86_64
2020-08-22 13:16:52,251:INFO:platform: macOS-10.13.6-x86_64-i386-64bit
2020-08-22 13:16:52,252:INFO:Memory: svmem(total=8589934592, available=2560970752, percent=70.2, used=4397195264, free=77344768, active=2592137216, inactive=2440626176, wired=1805058048)
2020-08-22 13:16:52,253:INFO:Physical Core: 2
2020-08-22 13:16:52,253:INFO:Logical Core: 4
2020-08-22 13:16:52,253:INFO:Checking libraries
2020-08-22 13:16:52,253:INFO:pd==1.0.5
2020-08-22 13:16:52,253:INFO:numpy==1.18.5
2020-08-22 13:16:52,253:INFO:sklearn==0.23.2
2020-08-22 13:16:53,494:INFO:xgboost==1.1.1
2020-08-22 13:16:53,548:INFO:lightgbm==2.3.1
2020-08-22 13:16:53,717:INFO:catboost==0.24
2020-08-22 13:16:55,733:INFO:mlflow==1.10.0
2020-08-22 13:16:55,733:INFO:Checking Exceptions
2020-08-22 13:18:00,173:INFO:PyCaret Classification Module
2020-08-22 13:18:00,174:INFO:version 2.0
2020-08-22 13:18:00,174:INFO:Initializing setup()
2020-08-22 13:18:00,174:INFO:USI: 4801
2020-08-22 13:18:00,175:INFO:setup(data=(395, 31), target=G3, train_size=0.7, sampling=True, sample_estimator=None, categorical_features=None, categorical_imputation=constant, ordinal_features=None,
                    high_cardinality_features=None, high_cardinality_method=frequency, numeric_features=None, numeric_imputation=mean, date_features=None, ignore_features=None, normalize=False,
                    normalize_method=zscore, transformation=False, transformation_method=yeo-johnson, handle_unknown_categorical=True, unknown_categorical_method=least_frequent, pca=False, pca_method=linear,
                    pca_components=None, ignore_low_variance=False, combine_rare_levels=False, rare_level_threshold=0.1, bin_numeric_features=None, remove_outliers=False, outliers_threshold=0.05,
                    remove_multicollinearity=False, multicollinearity_threshold=0.9, remove_perfect_collinearity=False, create_clusters=False, cluster_iter=20,
                    polynomial_features=False, polynomial_degree=2, trigonometry_features=False, polynomial_threshold=0.1, group_features=None,
                    group_names=None, feature_selection=False, feature_selection_threshold=0.8, feature_interaction=False, feature_ratio=False, interaction_threshold=0.01,
                    fix_imbalance=False, fix_imbalance_method=None, data_split_shuffle=True, folds_shuffle=False, n_jobs=-1, html=True, session_id=None, log_experiment=False,
                    experiment_name=None, log_plots=False, log_profile=False, log_data=False, silent=False, verbose=True, profile=False)
2020-08-22 13:18:00,175:INFO:Checking environment
2020-08-22 13:18:00,175:INFO:python_version: 3.8.3
2020-08-22 13:18:00,175:INFO:python_build: ('default', 'Jul  2 2020 11:26:31')
2020-08-22 13:18:00,175:INFO:machine: x86_64
2020-08-22 13:18:00,175:INFO:platform: macOS-10.13.6-x86_64-i386-64bit
2020-08-22 13:18:00,175:INFO:Memory: svmem(total=8589934592, available=2578087936, percent=70.0, used=4391079936, free=40968192, active=2573578240, inactive=2499473408, wired=1817501696)
2020-08-22 13:18:00,175:INFO:Physical Core: 2
2020-08-22 13:18:00,176:INFO:Logical Core: 4
2020-08-22 13:18:00,176:INFO:Checking libraries
2020-08-22 13:18:00,176:INFO:pd==1.0.5
2020-08-22 13:18:00,176:INFO:numpy==1.18.5
2020-08-22 13:18:00,176:INFO:sklearn==0.23.2
2020-08-22 13:18:00,176:INFO:xgboost==1.1.1
2020-08-22 13:18:00,176:INFO:lightgbm==2.3.1
2020-08-22 13:18:00,176:INFO:catboost==0.24
2020-08-22 13:18:00,176:INFO:mlflow==1.10.0
2020-08-22 13:18:00,176:INFO:Checking Exceptions
2020-08-22 13:18:00,177:INFO:Preloading libraries
2020-08-22 13:18:00,177:INFO:Preparing display monitor
2020-08-22 13:18:00,206:INFO:Importing libraries
2020-08-22 13:18:01,340:INFO:Copying data for preprocessing
2020-08-22 13:18:01,341:INFO:Declaring global variables
2020-08-22 13:18:01,350:INFO:Declaring preprocessing parameters
2020-08-22 13:18:01,350:INFO:Importing preprocessing module
2020-08-22 13:18:03,685:INFO:Creating preprocessing pipeline
2020-08-22 13:19:48,398:INFO:Preprocessing pipeline created successfully
2020-08-22 13:19:48,398:INFO:Creating grid variables
2020-08-22 13:19:48,403:INFO:Creating global containers
2020-08-22 13:31:32,380:INFO:PyCaret Classification Module
2020-08-22 13:31:32,380:INFO:version 2.0
2020-08-22 13:31:32,381:INFO:Initializing setup()
2020-08-22 13:31:32,381:INFO:USI: 1804
2020-08-22 13:31:32,381:INFO:setup(data=(395, 31), target=grade, train_size=0.7, sampling=True, sample_estimator=None, categorical_features=None, categorical_imputation=constant, ordinal_features=None,
                    high_cardinality_features=None, high_cardinality_method=frequency, numeric_features=None, numeric_imputation=mean, date_features=None, ignore_features=None, normalize=False,
                    normalize_method=zscore, transformation=False, transformation_method=yeo-johnson, handle_unknown_categorical=True, unknown_categorical_method=least_frequent, pca=False, pca_method=linear,
                    pca_components=None, ignore_low_variance=False, combine_rare_levels=False, rare_level_threshold=0.1, bin_numeric_features=None, remove_outliers=False, outliers_threshold=0.05,
                    remove_multicollinearity=False, multicollinearity_threshold=0.9, remove_perfect_collinearity=False, create_clusters=False, cluster_iter=20,
                    polynomial_features=False, polynomial_degree=2, trigonometry_features=False, polynomial_threshold=0.1, group_features=None,
                    group_names=None, feature_selection=False, feature_selection_threshold=0.8, feature_interaction=False, feature_ratio=False, interaction_threshold=0.01,
                    fix_imbalance=False, fix_imbalance_method=None, data_split_shuffle=True, folds_shuffle=False, n_jobs=-1, html=True, session_id=None, log_experiment=False,
                    experiment_name=None, log_plots=False, log_profile=False, log_data=False, silent=False, verbose=True, profile=False)
2020-08-22 13:31:32,381:INFO:Checking environment
2020-08-22 13:31:32,381:INFO:python_version: 3.8.3
2020-08-22 13:31:32,381:INFO:python_build: ('default', 'Jul  2 2020 11:26:31')
2020-08-22 13:31:32,382:INFO:machine: x86_64
2020-08-22 13:31:32,382:INFO:platform: macOS-10.13.6-x86_64-i386-64bit
2020-08-22 13:31:32,382:INFO:Memory: svmem(total=8589934592, available=2415566848, percent=71.9, used=4351475712, free=17764352, active=2414870528, inactive=2397237248, wired=1936605184)
2020-08-22 13:31:32,382:INFO:Physical Core: 2
2020-08-22 13:31:32,382:INFO:Logical Core: 4
2020-08-22 13:31:32,382:INFO:Checking libraries
2020-08-22 13:31:32,382:INFO:pd==1.0.5
2020-08-22 13:31:32,382:INFO:numpy==1.18.5
2020-08-22 13:31:32,382:INFO:sklearn==0.23.2
2020-08-22 13:31:32,383:INFO:xgboost==1.1.1
2020-08-22 13:31:32,383:INFO:lightgbm==2.3.1
2020-08-22 13:31:32,383:INFO:catboost==0.24
2020-08-22 13:31:32,383:INFO:mlflow==1.10.0
2020-08-22 13:31:32,383:INFO:Checking Exceptions
2020-08-22 13:32:21,670:INFO:PyCaret Classification Module
2020-08-22 13:32:21,671:INFO:version 2.0
2020-08-22 13:32:21,672:INFO:Initializing setup()
2020-08-22 13:32:21,672:INFO:USI: 865e
2020-08-22 13:32:21,672:INFO:setup(data=(395, 31), target=grade, train_size=0.7, sampling=True, sample_estimator=None, categorical_features=None, categorical_imputation=constant, ordinal_features=None,
                    high_cardinality_features=None, high_cardinality_method=frequency, numeric_features=None, numeric_imputation=mean, date_features=None, ignore_features=None, normalize=False,
                    normalize_method=zscore, transformation=False, transformation_method=yeo-johnson, handle_unknown_categorical=True, unknown_categorical_method=least_frequent, pca=False, pca_method=linear,
                    pca_components=None, ignore_low_variance=False, combine_rare_levels=False, rare_level_threshold=0.1, bin_numeric_features=None, remove_outliers=False, outliers_threshold=0.05,
                    remove_multicollinearity=False, multicollinearity_threshold=0.9, remove_perfect_collinearity=False, create_clusters=False, cluster_iter=20,
                    polynomial_features=False, polynomial_degree=2, trigonometry_features=False, polynomial_threshold=0.1, group_features=None,
                    group_names=None, feature_selection=False, feature_selection_threshold=0.8, feature_interaction=False, feature_ratio=False, interaction_threshold=0.01,
                    fix_imbalance=False, fix_imbalance_method=None, data_split_shuffle=True, folds_shuffle=False, n_jobs=-1, html=True, session_id=None, log_experiment=False,
                    experiment_name=None, log_plots=False, log_profile=False, log_data=False, silent=False, verbose=True, profile=False)
2020-08-22 13:32:21,672:INFO:Checking environment
2020-08-22 13:32:21,673:INFO:python_version: 3.8.3
2020-08-22 13:32:21,673:INFO:python_build: ('default', 'Jul  2 2020 11:26:31')
2020-08-22 13:32:21,673:INFO:machine: x86_64
2020-08-22 13:32:21,673:INFO:platform: macOS-10.13.6-x86_64-i386-64bit
2020-08-22 13:32:21,673:INFO:Memory: svmem(total=8589934592, available=2422525952, percent=71.8, used=4344639488, free=24436736, active=2417590272, inactive=2395074560, wired=1927049216)
2020-08-22 13:32:21,674:INFO:Physical Core: 2
2020-08-22 13:32:21,674:INFO:Logical Core: 4
2020-08-22 13:32:21,674:INFO:Checking libraries
2020-08-22 13:32:21,674:INFO:pd==1.0.5
2020-08-22 13:32:21,674:INFO:numpy==1.18.5
2020-08-22 13:32:21,674:INFO:sklearn==0.23.2
2020-08-22 13:32:21,674:INFO:xgboost==1.1.1
2020-08-22 13:32:21,674:INFO:lightgbm==2.3.1
2020-08-22 13:32:21,675:INFO:catboost==0.24
2020-08-22 13:32:21,675:INFO:mlflow==1.10.0
2020-08-22 13:32:21,675:INFO:Checking Exceptions
2020-08-22 13:32:21,675:INFO:Preloading libraries
2020-08-22 13:32:21,675:INFO:Preparing display monitor
2020-08-22 13:32:21,695:INFO:Importing libraries
2020-08-22 13:32:21,713:INFO:Copying data for preprocessing
2020-08-22 13:32:21,714:INFO:Declaring global variables
2020-08-22 13:32:21,721:INFO:Declaring preprocessing parameters
2020-08-22 13:32:21,721:INFO:Importing preprocessing module
2020-08-22 13:32:21,721:INFO:Creating preprocessing pipeline
2020-08-22 13:32:23,901:INFO:Preprocessing pipeline created successfully
2020-08-22 13:32:23,902:INFO:Creating grid variables
2020-08-22 13:32:23,906:INFO:Creating global containers
2020-08-22 13:32:24,073:INFO:create_model_container 0
2020-08-22 13:32:24,074:INFO:master_model_container 0
2020-08-22 13:32:24,074:INFO:display_container 0
2020-08-22 13:32:24,086:INFO:Pipeline(memory=None,
         steps=[('dtypes',
                 DataTypes_Auto_infer(categorical_features=[],
                                      display_types=True, features_todrop=[],
                                      ml_usecase='classification',
                                      numerical_features=[], target='grade',
                                      time_features=[])),
                ('imputer',
                 Simple_Imputer(categorical_strategy='not_available',
                                numeric_strategy='mean',
                                target_variable=None)),
                ('new_levels1',
                 New_Catagorical_Leve...
                ('group', Empty()), ('nonliner', Empty()), ('scaling', Empty()),
                ('P_transform', Empty()), ('pt_target', Empty()),
                ('binn', Empty()), ('rem_outliers', Empty()),
                ('cluster_all', Empty()), ('dummy', Dummify(target='grade')),
                ('fix_perfect', Empty()), ('clean_names', Clean_Colum_Names()),
                ('feature_select', Empty()), ('fix_multi', Empty()),
                ('dfs', Empty()), ('pca', Empty())],
         verbose=False)
2020-08-22 13:32:24,086:INFO:setup() succesfully completed......................................
2020-08-22 13:32:26,035:INFO:Initializing compare_models()
2020-08-22 13:32:26,036:INFO:compare_models(blacklist=None, whitelist=None, fold=10, round=4, sort=Accuracy, n_select=1, turbo=True, verbose=True)
2020-08-22 13:32:26,036:INFO:Checking exceptions
2020-08-22 13:32:26,042:INFO:Preloading libraries
2020-08-22 13:32:26,042:INFO:Preparing display monitor
2020-08-22 13:32:26,092:INFO:Copying training dataset
2020-08-22 13:32:26,093:INFO:Importing libraries
2020-08-22 13:32:26,203:INFO:Importing untrained models
2020-08-22 13:32:26,211:INFO:Import successful
2020-08-22 13:32:26,226:INFO:Defining folds
2020-08-22 13:32:26,226:INFO:Declaring metric variables
2020-08-22 13:32:26,227:INFO:Initializing Logistic Regression
2020-08-22 13:32:26,246:INFO:Initializing Fold 1
2020-08-22 13:32:26,260:INFO:Fitting Model
2020-08-22 13:32:26,603:INFO:Evaluating Metrics
2020-08-22 13:32:26,630:INFO:Compiling Metrics
2020-08-22 13:32:26,639:INFO:Initializing Fold 2
2020-08-22 13:32:26,653:INFO:Fitting Model
2020-08-22 13:32:26,827:INFO:Evaluating Metrics
2020-08-22 13:32:26,856:INFO:Compiling Metrics
2020-08-22 13:32:26,862:INFO:Initializing Fold 3
2020-08-22 13:32:26,875:INFO:Fitting Model
2020-08-22 13:32:27,052:INFO:Evaluating Metrics
2020-08-22 13:32:27,087:INFO:Compiling Metrics
2020-08-22 13:32:27,100:INFO:Initializing Fold 4
2020-08-22 13:32:27,118:INFO:Fitting Model
2020-08-22 13:32:27,298:INFO:Evaluating Metrics
2020-08-22 13:32:27,340:INFO:Compiling Metrics
2020-08-22 13:32:27,350:INFO:Initializing Fold 5
2020-08-22 13:32:27,362:INFO:Fitting Model
2020-08-22 13:32:27,546:INFO:Evaluating Metrics
2020-08-22 13:32:27,575:INFO:Compiling Metrics
2020-08-22 13:32:27,585:INFO:Initializing Fold 6
2020-08-22 13:32:27,595:INFO:Fitting Model
2020-08-22 13:32:27,775:INFO:Evaluating Metrics
2020-08-22 13:32:27,803:INFO:Compiling Metrics
2020-08-22 13:32:27,817:INFO:Initializing Fold 7
2020-08-22 13:32:27,831:INFO:Fitting Model
2020-08-22 13:32:28,022:INFO:Evaluating Metrics
2020-08-22 13:32:28,051:INFO:Compiling Metrics
2020-08-22 13:32:28,058:INFO:Initializing Fold 8
2020-08-22 13:32:28,071:INFO:Fitting Model
2020-08-22 13:32:28,301:INFO:Evaluating Metrics
2020-08-22 13:32:28,337:INFO:Compiling Metrics
2020-08-22 13:32:28,353:INFO:Initializing Fold 9
2020-08-22 13:32:28,369:INFO:Fitting Model
2020-08-22 13:32:28,563:INFO:Evaluating Metrics
2020-08-22 13:32:28,592:INFO:Compiling Metrics
2020-08-22 13:32:28,599:INFO:Initializing Fold 10
2020-08-22 13:32:28,630:INFO:Fitting Model
2020-08-22 13:32:28,889:INFO:Evaluating Metrics
2020-08-22 13:32:28,920:INFO:Compiling Metrics
2020-08-22 13:32:28,932:INFO:Calculating mean and std
2020-08-22 13:32:28,933:INFO:Creating metrics dataframe
2020-08-22 13:32:28,971:INFO:Initializing K Neighbors Classifier
2020-08-22 13:32:28,995:INFO:Initializing Fold 1
2020-08-22 13:32:29,007:INFO:Fitting Model
2020-08-22 13:32:29,071:INFO:Evaluating Metrics
2020-08-22 13:32:29,172:INFO:Compiling Metrics
2020-08-22 13:32:29,186:INFO:Initializing Fold 2
2020-08-22 13:32:29,204:INFO:Fitting Model
2020-08-22 13:32:29,247:INFO:Evaluating Metrics
2020-08-22 13:32:29,324:INFO:Compiling Metrics
2020-08-22 13:32:29,331:INFO:Initializing Fold 3
2020-08-22 13:32:29,344:INFO:Fitting Model
2020-08-22 13:32:29,393:INFO:Evaluating Metrics
2020-08-22 13:32:29,474:INFO:Compiling Metrics
2020-08-22 13:32:29,483:INFO:Initializing Fold 4
2020-08-22 13:32:29,494:INFO:Fitting Model
2020-08-22 13:32:29,531:INFO:Evaluating Metrics
2020-08-22 13:32:29,605:INFO:Compiling Metrics
2020-08-22 13:32:29,623:INFO:Initializing Fold 5
2020-08-22 13:32:29,635:INFO:Fitting Model
2020-08-22 13:32:29,681:INFO:Evaluating Metrics
2020-08-22 13:32:29,775:INFO:Compiling Metrics
2020-08-22 13:32:29,782:INFO:Initializing Fold 6
2020-08-22 13:32:29,794:INFO:Fitting Model
2020-08-22 13:32:29,825:INFO:Evaluating Metrics
2020-08-22 13:32:29,901:INFO:Compiling Metrics
2020-08-22 13:32:29,911:INFO:Initializing Fold 7
2020-08-22 13:32:29,926:INFO:Fitting Model
2020-08-22 13:32:29,961:INFO:Evaluating Metrics
2020-08-22 13:32:30,092:INFO:Compiling Metrics
2020-08-22 13:32:30,100:INFO:Initializing Fold 8
2020-08-22 13:32:30,112:INFO:Fitting Model
2020-08-22 13:32:30,147:INFO:Evaluating Metrics
2020-08-22 13:32:30,238:INFO:Compiling Metrics
2020-08-22 13:32:30,247:INFO:Initializing Fold 9
2020-08-22 13:32:30,264:INFO:Fitting Model
2020-08-22 13:32:30,329:INFO:Evaluating Metrics
2020-08-22 13:32:30,420:INFO:Compiling Metrics
2020-08-22 13:32:30,427:INFO:Initializing Fold 10
2020-08-22 13:32:30,438:INFO:Fitting Model
2020-08-22 13:32:30,477:INFO:Evaluating Metrics
2020-08-22 13:32:30,607:INFO:Compiling Metrics
2020-08-22 13:32:30,633:INFO:Calculating mean and std
2020-08-22 13:32:30,634:INFO:Creating metrics dataframe
2020-08-22 13:32:30,659:INFO:Initializing Naive Bayes
2020-08-22 13:32:30,673:INFO:Initializing Fold 1
2020-08-22 13:32:30,699:INFO:Fitting Model
2020-08-22 13:32:30,760:INFO:Evaluating Metrics
2020-08-22 13:32:30,795:INFO:Compiling Metrics
2020-08-22 13:32:30,803:INFO:Initializing Fold 2
2020-08-22 13:32:30,825:INFO:Fitting Model
2020-08-22 13:32:30,860:INFO:Evaluating Metrics
2020-08-22 13:32:30,890:INFO:Compiling Metrics
2020-08-22 13:32:30,896:INFO:Initializing Fold 3
2020-08-22 13:32:30,906:INFO:Fitting Model
2020-08-22 13:32:30,936:INFO:Evaluating Metrics
2020-08-22 13:32:30,971:INFO:Compiling Metrics
2020-08-22 13:32:30,980:INFO:Initializing Fold 4
2020-08-22 13:32:30,992:INFO:Fitting Model
2020-08-22 13:32:31,029:INFO:Evaluating Metrics
2020-08-22 13:32:31,058:INFO:Compiling Metrics
2020-08-22 13:32:31,066:INFO:Initializing Fold 5
2020-08-22 13:32:33,143:INFO:Initializing compare_models()
2020-08-22 13:32:33,143:INFO:compare_models(blacklist=None, whitelist=None, fold=10, round=4, sort=Accuracy, n_select=1, turbo=True, verbose=True)
2020-08-22 13:32:33,144:INFO:Checking exceptions
2020-08-22 13:32:33,152:INFO:Preloading libraries
2020-08-22 13:32:33,153:INFO:Preparing display monitor
2020-08-22 13:32:33,205:INFO:Copying training dataset
2020-08-22 13:32:33,206:INFO:Importing libraries
2020-08-22 13:32:33,217:INFO:Importing untrained models
2020-08-22 13:32:33,218:INFO:Import successful
2020-08-22 13:32:33,238:INFO:Defining folds
2020-08-22 13:32:33,238:INFO:Declaring metric variables
2020-08-22 13:32:33,239:INFO:Initializing Logistic Regression
2020-08-22 13:32:33,262:INFO:Initializing Fold 1
2020-08-22 13:32:33,271:INFO:Fitting Model
2020-08-22 13:32:33,494:INFO:Evaluating Metrics
2020-08-22 13:32:33,522:INFO:Compiling Metrics
2020-08-22 13:32:33,529:INFO:Initializing Fold 2
2020-08-22 13:32:33,541:INFO:Fitting Model
2020-08-22 13:32:33,755:INFO:Evaluating Metrics
2020-08-22 13:32:33,792:INFO:Compiling Metrics
2020-08-22 13:32:33,802:INFO:Initializing Fold 3
2020-08-22 13:32:33,813:INFO:Fitting Model
2020-08-22 13:32:34,036:INFO:Evaluating Metrics
2020-08-22 13:32:34,069:INFO:Compiling Metrics
2020-08-22 13:32:34,077:INFO:Initializing Fold 4
2020-08-22 13:32:34,102:INFO:Fitting Model
2020-08-22 13:32:34,712:INFO:Evaluating Metrics
2020-08-22 13:32:34,781:INFO:Compiling Metrics
2020-08-22 13:32:34,795:INFO:Initializing Fold 5
2020-08-22 13:32:34,812:INFO:Fitting Model
2020-08-22 13:32:35,016:INFO:Evaluating Metrics
2020-08-22 13:32:35,043:INFO:Compiling Metrics
2020-08-22 13:32:35,054:INFO:Initializing Fold 6
2020-08-22 13:32:35,072:INFO:Fitting Model
2020-08-22 13:32:35,275:INFO:Evaluating Metrics
2020-08-22 13:32:35,313:INFO:Compiling Metrics
2020-08-22 13:32:35,333:INFO:Initializing Fold 7
2020-08-22 13:32:35,360:INFO:Fitting Model
2020-08-22 13:32:35,594:INFO:Evaluating Metrics
2020-08-22 13:32:35,629:INFO:Compiling Metrics
2020-08-22 13:32:35,638:INFO:Initializing Fold 8
2020-08-22 13:32:35,648:INFO:Fitting Model
2020-08-22 13:32:35,843:INFO:Evaluating Metrics
2020-08-22 13:32:35,934:INFO:Compiling Metrics
2020-08-22 13:32:35,944:INFO:Initializing Fold 9
2020-08-22 13:32:35,959:INFO:Fitting Model
2020-08-22 13:32:36,121:INFO:Evaluating Metrics
2020-08-22 13:32:36,146:INFO:Compiling Metrics
2020-08-22 13:32:36,166:INFO:Initializing Fold 10
2020-08-22 13:32:36,178:INFO:Fitting Model
2020-08-22 13:32:36,368:INFO:Evaluating Metrics
2020-08-22 13:32:36,407:INFO:Compiling Metrics
2020-08-22 13:32:36,416:INFO:Calculating mean and std
2020-08-22 13:32:36,417:INFO:Creating metrics dataframe
2020-08-22 13:32:36,436:INFO:Initializing K Neighbors Classifier
2020-08-22 13:32:36,445:INFO:Initializing Fold 1
2020-08-22 13:32:36,459:INFO:Fitting Model
2020-08-22 13:32:36,482:INFO:Evaluating Metrics
2020-08-22 13:32:36,555:INFO:Compiling Metrics
2020-08-22 13:32:36,563:INFO:Initializing Fold 2
2020-08-22 13:32:36,573:INFO:Fitting Model
2020-08-22 13:32:36,593:INFO:Evaluating Metrics
2020-08-22 13:32:36,664:INFO:Compiling Metrics
2020-08-22 13:32:36,672:INFO:Initializing Fold 3
2020-08-22 13:32:36,680:INFO:Fitting Model
2020-08-22 13:32:36,705:INFO:Evaluating Metrics
2020-08-22 13:32:36,774:INFO:Compiling Metrics
2020-08-22 13:32:36,781:INFO:Initializing Fold 4
2020-08-22 13:32:36,797:INFO:Fitting Model
2020-08-22 13:32:36,823:INFO:Evaluating Metrics
2020-08-22 13:32:36,889:INFO:Compiling Metrics
2020-08-22 13:32:36,897:INFO:Initializing Fold 5
2020-08-22 13:32:36,907:INFO:Fitting Model
2020-08-22 13:32:36,927:INFO:Evaluating Metrics
2020-08-22 13:32:36,996:INFO:Compiling Metrics
2020-08-22 13:32:37,004:INFO:Initializing Fold 6
2020-08-22 13:32:37,011:INFO:Fitting Model
2020-08-22 13:32:37,035:INFO:Evaluating Metrics
2020-08-22 13:32:37,114:INFO:Compiling Metrics
2020-08-22 13:32:37,123:INFO:Initializing Fold 7
2020-08-22 13:32:37,132:INFO:Fitting Model
2020-08-22 13:32:37,151:INFO:Evaluating Metrics
2020-08-22 13:32:37,218:INFO:Compiling Metrics
2020-08-22 13:32:37,226:INFO:Initializing Fold 8
2020-08-22 13:32:37,236:INFO:Fitting Model
2020-08-22 13:32:37,259:INFO:Evaluating Metrics
2020-08-22 13:32:37,330:INFO:Compiling Metrics
2020-08-22 13:32:37,337:INFO:Initializing Fold 9
2020-08-22 13:32:37,346:INFO:Fitting Model
2020-08-22 13:32:37,366:INFO:Evaluating Metrics
2020-08-22 13:32:37,443:INFO:Compiling Metrics
2020-08-22 13:32:37,452:INFO:Initializing Fold 10
2020-08-22 13:32:37,462:INFO:Fitting Model
2020-08-22 13:32:37,479:INFO:Evaluating Metrics
2020-08-22 13:32:37,556:INFO:Compiling Metrics
2020-08-22 13:32:37,563:INFO:Calculating mean and std
2020-08-22 13:32:37,564:INFO:Creating metrics dataframe
2020-08-22 13:32:37,580:INFO:Initializing Naive Bayes
2020-08-22 13:32:37,593:INFO:Initializing Fold 1
2020-08-22 13:32:37,603:INFO:Fitting Model
2020-08-22 13:32:37,622:INFO:Evaluating Metrics
2020-08-22 13:32:37,646:INFO:Compiling Metrics
2020-08-22 13:32:37,662:INFO:Initializing Fold 2
2020-08-22 13:32:37,675:INFO:Fitting Model
2020-08-22 13:32:37,696:INFO:Evaluating Metrics
2020-08-22 13:32:37,724:INFO:Compiling Metrics
2020-08-22 13:32:37,731:INFO:Initializing Fold 3
2020-08-22 13:32:37,741:INFO:Fitting Model
2020-08-22 13:32:37,760:INFO:Evaluating Metrics
2020-08-22 13:32:37,785:INFO:Compiling Metrics
2020-08-22 13:32:37,792:INFO:Initializing Fold 4
2020-08-22 13:32:37,800:INFO:Fitting Model
2020-08-22 13:32:37,824:INFO:Evaluating Metrics
2020-08-22 13:32:37,849:INFO:Compiling Metrics
2020-08-22 13:32:37,858:INFO:Initializing Fold 5
2020-08-22 13:32:37,868:INFO:Fitting Model
2020-08-22 13:32:37,885:INFO:Evaluating Metrics
2020-08-22 13:32:37,912:INFO:Compiling Metrics
2020-08-22 13:32:37,920:INFO:Initializing Fold 6
2020-08-22 13:32:37,932:INFO:Fitting Model
2020-08-22 13:32:37,957:INFO:Evaluating Metrics
2020-08-22 13:32:37,983:INFO:Compiling Metrics
2020-08-22 13:32:37,990:INFO:Initializing Fold 7
2020-08-22 13:32:38,001:INFO:Fitting Model
2020-08-22 13:32:38,022:INFO:Evaluating Metrics
2020-08-22 13:32:38,047:INFO:Compiling Metrics
2020-08-22 13:32:38,056:INFO:Initializing Fold 8
2020-08-22 13:32:38,066:INFO:Fitting Model
2020-08-22 13:32:38,084:INFO:Evaluating Metrics
2020-08-22 13:32:38,112:INFO:Compiling Metrics
2020-08-22 13:32:38,120:INFO:Initializing Fold 9
2020-08-22 13:32:38,132:INFO:Fitting Model
2020-08-22 13:32:38,151:INFO:Evaluating Metrics
2020-08-22 13:32:38,176:INFO:Compiling Metrics
2020-08-22 13:32:38,182:INFO:Initializing Fold 10
2020-08-22 13:32:38,191:INFO:Fitting Model
2020-08-22 13:32:38,216:INFO:Evaluating Metrics
2020-08-22 13:32:38,264:INFO:Compiling Metrics
2020-08-22 13:32:38,275:INFO:Calculating mean and std
2020-08-22 13:32:38,276:INFO:Creating metrics dataframe
2020-08-22 13:32:38,312:INFO:Initializing Decision Tree Classifier
2020-08-22 13:32:38,328:INFO:Initializing Fold 1
2020-08-22 13:32:38,340:INFO:Fitting Model
2020-08-22 13:32:38,366:INFO:Evaluating Metrics
2020-08-22 13:32:38,394:INFO:Compiling Metrics
2020-08-22 13:32:38,406:INFO:Initializing Fold 2
2020-08-22 13:32:38,424:INFO:Fitting Model
2020-08-22 13:32:38,454:INFO:Evaluating Metrics
2020-08-22 13:32:38,479:INFO:Compiling Metrics
2020-08-22 13:32:38,500:INFO:Initializing Fold 3
2020-08-22 13:32:38,514:INFO:Fitting Model
2020-08-22 13:32:38,553:INFO:Evaluating Metrics
2020-08-22 13:32:38,577:INFO:Compiling Metrics
2020-08-22 13:32:38,594:INFO:Initializing Fold 4
2020-08-22 13:32:38,611:INFO:Fitting Model
2020-08-22 13:32:38,645:INFO:Evaluating Metrics
2020-08-22 13:32:38,676:INFO:Compiling Metrics
2020-08-22 13:32:38,685:INFO:Initializing Fold 5
2020-08-22 13:32:38,706:INFO:Fitting Model
2020-08-22 13:32:38,733:INFO:Evaluating Metrics
2020-08-22 13:32:38,761:INFO:Compiling Metrics
2020-08-22 13:32:38,773:INFO:Initializing Fold 6
2020-08-22 13:32:38,783:INFO:Fitting Model
2020-08-22 13:32:38,824:INFO:Evaluating Metrics
2020-08-22 13:32:38,853:INFO:Compiling Metrics
2020-08-22 13:32:38,860:INFO:Initializing Fold 7
2020-08-22 13:32:38,870:INFO:Fitting Model
2020-08-22 13:32:38,897:INFO:Evaluating Metrics
2020-08-22 13:32:38,926:INFO:Compiling Metrics
2020-08-22 13:32:38,934:INFO:Initializing Fold 8
2020-08-22 13:32:38,943:INFO:Fitting Model
2020-08-22 13:32:38,979:INFO:Evaluating Metrics
2020-08-22 13:32:39,007:INFO:Compiling Metrics
2020-08-22 13:32:39,014:INFO:Initializing Fold 9
2020-08-22 13:32:39,030:INFO:Fitting Model
2020-08-22 13:32:39,067:INFO:Evaluating Metrics
2020-08-22 13:32:39,094:INFO:Compiling Metrics
2020-08-22 13:32:39,100:INFO:Initializing Fold 10
2020-08-22 13:32:39,111:INFO:Fitting Model
2020-08-22 13:32:39,140:INFO:Evaluating Metrics
2020-08-22 13:32:39,166:INFO:Compiling Metrics
2020-08-22 13:32:39,173:INFO:Calculating mean and std
2020-08-22 13:32:39,174:INFO:Creating metrics dataframe
2020-08-22 13:32:39,192:INFO:Initializing SVM - Linear Kernel
2020-08-22 13:32:39,207:INFO:Initializing Fold 1
2020-08-22 13:32:39,218:INFO:Fitting Model
2020-08-22 13:32:39,257:INFO:Evaluating Metrics
2020-08-22 13:32:39,257:WARNING:model has no predict_proba attribute. pred_prob set to 0.00
2020-08-22 13:32:39,274:INFO:Compiling Metrics
2020-08-22 13:32:39,281:INFO:Initializing Fold 2
2020-08-22 13:32:39,302:INFO:Fitting Model
2020-08-22 13:32:39,341:INFO:Evaluating Metrics
2020-08-22 13:32:39,341:WARNING:model has no predict_proba attribute. pred_prob set to 0.00
2020-08-22 13:32:39,362:INFO:Compiling Metrics
2020-08-22 13:32:39,372:INFO:Initializing Fold 3
2020-08-22 13:32:39,381:INFO:Fitting Model
2020-08-22 13:32:39,408:INFO:Evaluating Metrics
2020-08-22 13:32:39,408:WARNING:model has no predict_proba attribute. pred_prob set to 0.00
2020-08-22 13:32:39,425:INFO:Compiling Metrics
2020-08-22 13:32:39,434:INFO:Initializing Fold 4
2020-08-22 13:32:39,442:INFO:Fitting Model
2020-08-22 13:32:39,466:INFO:Evaluating Metrics
2020-08-22 13:32:39,466:WARNING:model has no predict_proba attribute. pred_prob set to 0.00
2020-08-22 13:32:39,486:INFO:Compiling Metrics
2020-08-22 13:32:39,493:INFO:Initializing Fold 5
2020-08-22 13:32:39,501:INFO:Fitting Model
2020-08-22 13:32:39,525:INFO:Evaluating Metrics
2020-08-22 13:32:39,526:WARNING:model has no predict_proba attribute. pred_prob set to 0.00
2020-08-22 13:32:39,540:INFO:Compiling Metrics
2020-08-22 13:32:39,547:INFO:Initializing Fold 6
2020-08-22 13:32:39,564:INFO:Fitting Model
2020-08-22 13:32:39,593:INFO:Evaluating Metrics
2020-08-22 13:32:39,593:WARNING:model has no predict_proba attribute. pred_prob set to 0.00
2020-08-22 13:32:39,607:INFO:Compiling Metrics
2020-08-22 13:32:39,614:INFO:Initializing Fold 7
2020-08-22 13:32:39,629:INFO:Fitting Model
2020-08-22 13:32:39,655:INFO:Evaluating Metrics
2020-08-22 13:32:39,655:WARNING:model has no predict_proba attribute. pred_prob set to 0.00
2020-08-22 13:32:39,669:INFO:Compiling Metrics
2020-08-22 13:32:39,676:INFO:Initializing Fold 8
2020-08-22 13:32:39,686:INFO:Fitting Model
2020-08-22 13:32:39,712:INFO:Evaluating Metrics
2020-08-22 13:32:39,712:WARNING:model has no predict_proba attribute. pred_prob set to 0.00
2020-08-22 13:32:39,727:INFO:Compiling Metrics
2020-08-22 13:32:39,735:INFO:Initializing Fold 9
2020-08-22 13:32:39,745:INFO:Fitting Model
2020-08-22 13:32:39,770:INFO:Evaluating Metrics
2020-08-22 13:32:39,770:WARNING:model has no predict_proba attribute. pred_prob set to 0.00
2020-08-22 13:32:39,785:INFO:Compiling Metrics
2020-08-22 13:32:39,792:INFO:Initializing Fold 10
2020-08-22 13:32:39,804:INFO:Fitting Model
2020-08-22 13:32:39,829:INFO:Evaluating Metrics
2020-08-22 13:32:39,829:WARNING:model has no predict_proba attribute. pred_prob set to 0.00
2020-08-22 13:32:39,843:INFO:Compiling Metrics
2020-08-22 13:32:39,849:INFO:Calculating mean and std
2020-08-22 13:32:39,850:INFO:Creating metrics dataframe
2020-08-22 13:32:39,873:INFO:Initializing Ridge Classifier
2020-08-22 13:32:39,881:INFO:Initializing Fold 1
2020-08-22 13:32:39,898:INFO:Fitting Model
2020-08-22 13:32:39,948:INFO:Evaluating Metrics
2020-08-22 13:32:39,948:WARNING:model has no predict_proba attribute. pred_prob set to 0.00
2020-08-22 13:32:39,967:INFO:Compiling Metrics
2020-08-22 13:32:39,975:INFO:Initializing Fold 2
2020-08-22 13:32:39,990:INFO:Fitting Model
2020-08-22 13:32:40,026:INFO:Evaluating Metrics
2020-08-22 13:32:40,026:WARNING:model has no predict_proba attribute. pred_prob set to 0.00
2020-08-22 13:32:40,044:INFO:Compiling Metrics
2020-08-22 13:32:40,057:INFO:Initializing Fold 3
2020-08-22 13:32:40,083:INFO:Fitting Model
2020-08-22 13:32:40,134:INFO:Evaluating Metrics
2020-08-22 13:32:40,135:WARNING:model has no predict_proba attribute. pred_prob set to 0.00
2020-08-22 13:32:40,161:INFO:Compiling Metrics
2020-08-22 13:32:40,172:INFO:Initializing Fold 4
2020-08-22 13:32:40,185:INFO:Fitting Model
2020-08-22 13:32:40,226:INFO:Evaluating Metrics
2020-08-22 13:32:40,227:WARNING:model has no predict_proba attribute. pred_prob set to 0.00
2020-08-22 13:32:40,257:INFO:Compiling Metrics
2020-08-22 13:32:40,278:INFO:Initializing Fold 5
2020-08-22 13:32:40,304:INFO:Fitting Model
2020-08-22 13:32:40,358:INFO:Evaluating Metrics
2020-08-22 13:32:40,359:WARNING:model has no predict_proba attribute. pred_prob set to 0.00
2020-08-22 13:32:40,388:INFO:Compiling Metrics
2020-08-22 13:32:40,408:INFO:Initializing Fold 6
2020-08-22 13:32:40,437:INFO:Fitting Model
2020-08-22 13:32:40,498:INFO:Evaluating Metrics
2020-08-22 13:32:40,498:WARNING:model has no predict_proba attribute. pred_prob set to 0.00
2020-08-22 13:32:40,539:INFO:Compiling Metrics
2020-08-22 13:32:40,549:INFO:Initializing Fold 7
2020-08-22 13:32:40,568:INFO:Fitting Model
2020-08-22 13:32:40,615:INFO:Evaluating Metrics
2020-08-22 13:32:40,615:WARNING:model has no predict_proba attribute. pred_prob set to 0.00
2020-08-22 13:32:40,683:INFO:Compiling Metrics
2020-08-22 13:32:40,716:INFO:Initializing Fold 8
2020-08-22 13:32:40,739:INFO:Fitting Model
2020-08-22 13:32:40,797:INFO:Evaluating Metrics
2020-08-22 13:32:40,797:WARNING:model has no predict_proba attribute. pred_prob set to 0.00
2020-08-22 13:32:40,816:INFO:Compiling Metrics
2020-08-22 13:32:40,827:INFO:Initializing Fold 9
2020-08-22 13:32:40,842:INFO:Fitting Model
2020-08-22 13:32:40,899:INFO:Evaluating Metrics
2020-08-22 13:32:40,899:WARNING:model has no predict_proba attribute. pred_prob set to 0.00
2020-08-22 13:32:40,931:INFO:Compiling Metrics
2020-08-22 13:32:40,946:INFO:Initializing Fold 10
2020-08-22 13:32:40,970:INFO:Fitting Model
2020-08-22 13:32:41,024:INFO:Evaluating Metrics
2020-08-22 13:32:41,024:WARNING:model has no predict_proba attribute. pred_prob set to 0.00
2020-08-22 13:32:41,061:INFO:Compiling Metrics
2020-08-22 13:32:41,078:INFO:Calculating mean and std
2020-08-22 13:32:41,079:INFO:Creating metrics dataframe
2020-08-22 13:32:41,127:INFO:Initializing Random Forest Classifier
2020-08-22 13:32:41,147:INFO:Initializing Fold 1
2020-08-22 13:32:41,168:INFO:Fitting Model
2020-08-22 13:32:45,813:INFO:Evaluating Metrics
2020-08-22 13:32:45,898:INFO:Compiling Metrics
2020-08-22 13:32:45,913:INFO:Initializing Fold 2
2020-08-22 13:32:45,924:INFO:Fitting Model
2020-08-22 13:32:46,085:INFO:Evaluating Metrics
2020-08-22 13:32:46,165:INFO:Compiling Metrics
2020-08-22 13:32:46,180:INFO:Initializing Fold 3
2020-08-22 13:32:46,188:INFO:Fitting Model
2020-08-22 13:32:46,342:INFO:Evaluating Metrics
2020-08-22 13:32:46,420:INFO:Compiling Metrics
2020-08-22 13:32:46,427:INFO:Initializing Fold 4
2020-08-22 13:32:46,441:INFO:Fitting Model
2020-08-22 13:32:46,584:INFO:Evaluating Metrics
2020-08-22 13:32:46,654:INFO:Compiling Metrics
2020-08-22 13:32:46,661:INFO:Initializing Fold 5
2020-08-22 13:32:46,674:INFO:Fitting Model
2020-08-22 13:32:46,816:INFO:Evaluating Metrics
2020-08-22 13:32:46,890:INFO:Compiling Metrics
2020-08-22 13:32:46,898:INFO:Initializing Fold 6
2020-08-22 13:32:46,911:INFO:Fitting Model
2020-08-22 13:32:47,076:INFO:Evaluating Metrics
2020-08-22 13:32:47,151:INFO:Compiling Metrics
2020-08-22 13:32:47,158:INFO:Initializing Fold 7
2020-08-22 13:32:47,175:INFO:Fitting Model
2020-08-22 13:32:47,315:INFO:Evaluating Metrics
2020-08-22 13:32:47,389:INFO:Compiling Metrics
2020-08-22 13:32:47,397:INFO:Initializing Fold 8
2020-08-22 13:32:47,411:INFO:Fitting Model
2020-08-22 13:32:47,544:INFO:Evaluating Metrics
2020-08-22 13:32:47,621:INFO:Compiling Metrics
2020-08-22 13:32:47,628:INFO:Initializing Fold 9
2020-08-22 13:32:47,640:INFO:Fitting Model
2020-08-22 13:32:47,785:INFO:Evaluating Metrics
2020-08-22 13:32:47,858:INFO:Compiling Metrics
2020-08-22 13:32:47,867:INFO:Initializing Fold 10
2020-08-22 13:32:47,878:INFO:Fitting Model
2020-08-22 13:32:48,012:INFO:Evaluating Metrics
2020-08-22 13:32:48,083:INFO:Compiling Metrics
2020-08-22 13:32:48,091:INFO:Calculating mean and std
2020-08-22 13:32:48,092:INFO:Creating metrics dataframe
2020-08-22 13:32:48,112:INFO:Initializing Quadratic Discriminant Analysis
2020-08-22 13:32:48,121:INFO:Initializing Fold 1
2020-08-22 13:32:48,134:INFO:Fitting Model
2020-08-22 13:32:48,251:INFO:Evaluating Metrics
2020-08-22 13:32:48,286:INFO:Compiling Metrics
2020-08-22 13:32:48,297:INFO:Initializing Fold 2
2020-08-22 13:32:48,311:INFO:Fitting Model
2020-08-22 13:32:48,351:INFO:Evaluating Metrics
2020-08-22 13:32:48,388:INFO:Compiling Metrics
2020-08-22 13:32:48,398:INFO:Initializing Fold 3
2020-08-22 13:32:48,409:INFO:Fitting Model
2020-08-22 13:32:48,448:INFO:Evaluating Metrics
2020-08-22 13:32:48,492:INFO:Compiling Metrics
2020-08-22 13:32:48,499:INFO:Initializing Fold 4
2020-08-22 13:32:48,514:INFO:Fitting Model
2020-08-22 13:32:48,546:INFO:Evaluating Metrics
2020-08-22 13:32:48,578:INFO:Compiling Metrics
2020-08-22 13:32:48,587:INFO:Initializing Fold 5
2020-08-22 13:32:48,605:INFO:Fitting Model
2020-08-22 13:32:48,639:INFO:Evaluating Metrics
2020-08-22 13:32:48,667:INFO:Compiling Metrics
2020-08-22 13:32:48,677:INFO:Initializing Fold 6
2020-08-22 13:32:48,687:INFO:Fitting Model
2020-08-22 13:32:48,722:INFO:Evaluating Metrics
2020-08-22 13:32:48,752:INFO:Compiling Metrics
2020-08-22 13:32:48,760:INFO:Initializing Fold 7
2020-08-22 13:32:48,773:INFO:Fitting Model
2020-08-22 13:32:48,815:INFO:Evaluating Metrics
2020-08-22 13:32:48,847:INFO:Compiling Metrics
2020-08-22 13:32:48,855:INFO:Initializing Fold 8
2020-08-22 13:32:48,872:INFO:Fitting Model
2020-08-22 13:32:48,905:INFO:Evaluating Metrics
2020-08-22 13:32:48,940:INFO:Compiling Metrics
2020-08-22 13:32:48,947:INFO:Initializing Fold 9
2020-08-22 13:32:48,955:INFO:Fitting Model
2020-08-22 13:32:48,997:INFO:Evaluating Metrics
2020-08-22 13:32:49,024:INFO:Compiling Metrics
2020-08-22 13:32:49,033:INFO:Initializing Fold 10
2020-08-22 13:32:49,044:INFO:Fitting Model
2020-08-22 13:32:49,083:INFO:Evaluating Metrics
2020-08-22 13:32:49,125:INFO:Compiling Metrics
2020-08-22 13:32:49,136:INFO:Calculating mean and std
2020-08-22 13:32:49,137:INFO:Creating metrics dataframe
2020-08-22 13:32:49,157:INFO:Initializing Ada Boost Classifier
2020-08-22 13:32:49,171:INFO:Initializing Fold 1
2020-08-22 13:32:49,184:INFO:Fitting Model
2020-08-22 13:32:49,697:INFO:Evaluating Metrics
2020-08-22 13:32:49,812:INFO:Compiling Metrics
2020-08-22 13:32:49,818:INFO:Initializing Fold 2
2020-08-22 13:32:49,829:INFO:Fitting Model
2020-08-22 13:32:50,278:INFO:Evaluating Metrics
2020-08-22 13:32:50,392:INFO:Compiling Metrics
2020-08-22 13:32:50,399:INFO:Initializing Fold 3
2020-08-22 13:32:50,408:INFO:Fitting Model
2020-08-22 13:32:50,917:INFO:Evaluating Metrics
2020-08-22 13:32:51,033:INFO:Compiling Metrics
2020-08-22 13:32:51,041:INFO:Initializing Fold 4
2020-08-22 13:32:51,051:INFO:Fitting Model
2020-08-22 13:32:51,552:INFO:Evaluating Metrics
2020-08-22 13:32:51,657:INFO:Compiling Metrics
2020-08-22 13:32:51,664:INFO:Initializing Fold 5
2020-08-22 13:32:51,674:INFO:Fitting Model
2020-08-22 13:32:52,119:INFO:Evaluating Metrics
2020-08-22 13:32:52,227:INFO:Compiling Metrics
2020-08-22 13:32:52,239:INFO:Initializing Fold 6
2020-08-22 13:32:52,251:INFO:Fitting Model
2020-08-22 13:32:52,784:INFO:Evaluating Metrics
2020-08-22 13:32:52,915:INFO:Compiling Metrics
2020-08-22 13:32:52,924:INFO:Initializing Fold 7
2020-08-22 13:32:52,941:INFO:Fitting Model
2020-08-22 13:32:53,467:INFO:Evaluating Metrics
2020-08-22 13:32:53,588:INFO:Compiling Metrics
2020-08-22 13:32:53,595:INFO:Initializing Fold 8
2020-08-22 13:32:53,607:INFO:Fitting Model
2020-08-22 13:32:54,051:INFO:Evaluating Metrics
2020-08-22 13:32:54,174:INFO:Compiling Metrics
2020-08-22 13:32:54,181:INFO:Initializing Fold 9
2020-08-22 13:32:54,193:INFO:Fitting Model
2020-08-22 13:32:54,658:INFO:Evaluating Metrics
2020-08-22 13:32:54,765:INFO:Compiling Metrics
2020-08-22 13:32:54,774:INFO:Initializing Fold 10
2020-08-22 13:32:54,785:INFO:Fitting Model
2020-08-22 13:32:55,245:INFO:Evaluating Metrics
2020-08-22 13:32:55,374:INFO:Compiling Metrics
2020-08-22 13:32:55,386:INFO:Calculating mean and std
2020-08-22 13:32:55,386:INFO:Creating metrics dataframe
2020-08-22 13:32:55,405:INFO:Initializing Gradient Boosting Classifier
2020-08-22 13:32:55,416:INFO:Initializing Fold 1
2020-08-22 13:32:55,426:INFO:Fitting Model
2020-08-22 13:32:56,055:INFO:Evaluating Metrics
2020-08-22 13:32:56,089:INFO:Compiling Metrics
2020-08-22 13:32:56,096:INFO:Initializing Fold 2
2020-08-22 13:32:56,107:INFO:Fitting Model
2020-08-22 13:32:56,712:INFO:Evaluating Metrics
2020-08-22 13:32:56,739:INFO:Compiling Metrics
2020-08-22 13:32:56,746:INFO:Initializing Fold 3
2020-08-22 13:32:56,755:INFO:Fitting Model
2020-08-22 13:32:57,356:INFO:Evaluating Metrics
2020-08-22 13:32:57,388:INFO:Compiling Metrics
2020-08-22 13:32:57,395:INFO:Initializing Fold 4
2020-08-22 13:32:57,407:INFO:Fitting Model
2020-08-22 13:32:58,022:INFO:Evaluating Metrics
2020-08-22 13:32:58,047:INFO:Compiling Metrics
2020-08-22 13:32:58,054:INFO:Initializing Fold 5
2020-08-22 13:32:58,062:INFO:Fitting Model
2020-08-22 13:32:58,672:INFO:Evaluating Metrics
2020-08-22 13:32:58,698:INFO:Compiling Metrics
2020-08-22 13:32:58,715:INFO:Initializing Fold 6
2020-08-22 13:32:58,727:INFO:Fitting Model
2020-08-22 13:32:59,320:INFO:Evaluating Metrics
2020-08-22 13:32:59,353:INFO:Compiling Metrics
2020-08-22 13:32:59,360:INFO:Initializing Fold 7
2020-08-22 13:32:59,369:INFO:Fitting Model
2020-08-22 13:33:00,123:INFO:Evaluating Metrics
2020-08-22 13:33:00,164:INFO:Compiling Metrics
2020-08-22 13:33:00,175:INFO:Initializing Fold 8
2020-08-22 13:33:00,193:INFO:Fitting Model
2020-08-22 13:33:01,003:INFO:Evaluating Metrics
2020-08-22 13:33:01,030:INFO:Compiling Metrics
2020-08-22 13:33:01,037:INFO:Initializing Fold 9
2020-08-22 13:33:01,051:INFO:Fitting Model
2020-08-22 13:33:01,645:INFO:Evaluating Metrics
2020-08-22 13:33:01,682:INFO:Compiling Metrics
2020-08-22 13:33:01,689:INFO:Initializing Fold 10
2020-08-22 13:33:01,699:INFO:Fitting Model
2020-08-22 13:33:02,286:INFO:Evaluating Metrics
2020-08-22 13:33:02,317:INFO:Compiling Metrics
2020-08-22 13:33:02,324:INFO:Calculating mean and std
2020-08-22 13:33:02,325:INFO:Creating metrics dataframe
2020-08-22 13:33:02,347:INFO:Initializing Linear Discriminant Analysis
2020-08-22 13:33:02,359:INFO:Initializing Fold 1
2020-08-22 13:33:02,373:INFO:Fitting Model
2020-08-22 13:33:02,458:INFO:Evaluating Metrics
2020-08-22 13:33:02,488:INFO:Compiling Metrics
2020-08-22 13:33:02,495:INFO:Initializing Fold 2
2020-08-22 13:33:02,509:INFO:Fitting Model
2020-08-22 13:33:02,568:INFO:Evaluating Metrics
2020-08-22 13:33:02,600:INFO:Compiling Metrics
2020-08-22 13:33:02,609:INFO:Initializing Fold 3
2020-08-22 13:33:02,623:INFO:Fitting Model
2020-08-22 13:33:02,684:INFO:Evaluating Metrics
2020-08-22 13:33:02,714:INFO:Compiling Metrics
2020-08-22 13:33:02,723:INFO:Initializing Fold 4
2020-08-22 13:33:02,734:INFO:Fitting Model
2020-08-22 13:33:02,799:INFO:Evaluating Metrics
2020-08-22 13:33:02,825:INFO:Compiling Metrics
2020-08-22 13:33:02,833:INFO:Initializing Fold 5
2020-08-22 13:33:02,847:INFO:Fitting Model
2020-08-22 13:33:02,906:INFO:Evaluating Metrics
2020-08-22 13:33:02,937:INFO:Compiling Metrics
2020-08-22 13:33:02,949:INFO:Initializing Fold 6
2020-08-22 13:33:02,964:INFO:Fitting Model
2020-08-22 13:33:03,025:INFO:Evaluating Metrics
2020-08-22 13:33:03,056:INFO:Compiling Metrics
2020-08-22 13:33:03,064:INFO:Initializing Fold 7
2020-08-22 13:33:03,077:INFO:Fitting Model
2020-08-22 13:33:03,137:INFO:Evaluating Metrics
2020-08-22 13:33:03,164:INFO:Compiling Metrics
2020-08-22 13:33:03,172:INFO:Initializing Fold 8
2020-08-22 13:33:03,185:INFO:Fitting Model
2020-08-22 13:33:03,253:INFO:Evaluating Metrics
2020-08-22 13:33:03,278:INFO:Compiling Metrics
2020-08-22 13:33:03,289:INFO:Initializing Fold 9
2020-08-22 13:33:03,300:INFO:Fitting Model
2020-08-22 13:33:03,358:INFO:Evaluating Metrics
2020-08-22 13:33:03,384:INFO:Compiling Metrics
2020-08-22 13:33:03,393:INFO:Initializing Fold 10
2020-08-22 13:33:03,401:INFO:Fitting Model
2020-08-22 13:33:03,463:INFO:Evaluating Metrics
2020-08-22 13:33:03,501:INFO:Compiling Metrics
2020-08-22 13:33:03,512:INFO:Calculating mean and std
2020-08-22 13:33:03,513:INFO:Creating metrics dataframe
2020-08-22 13:33:03,534:INFO:Initializing Extra Trees Classifier
2020-08-22 13:33:03,542:INFO:Initializing Fold 1
2020-08-22 13:33:03,560:INFO:Fitting Model
2020-08-22 13:33:04,261:INFO:Evaluating Metrics
2020-08-22 13:33:04,490:INFO:Compiling Metrics
2020-08-22 13:33:04,497:INFO:Initializing Fold 2
2020-08-22 13:33:04,506:INFO:Fitting Model
2020-08-22 13:33:05,196:INFO:Evaluating Metrics
2020-08-22 13:33:05,464:INFO:Compiling Metrics
2020-08-22 13:33:05,475:INFO:Initializing Fold 3
2020-08-22 13:33:05,495:INFO:Fitting Model
2020-08-22 13:33:06,309:INFO:Evaluating Metrics
2020-08-22 13:33:06,612:INFO:Compiling Metrics
2020-08-22 13:33:06,619:INFO:Initializing Fold 4
2020-08-22 13:33:06,633:INFO:Fitting Model
2020-08-22 13:33:07,542:INFO:Evaluating Metrics
2020-08-22 13:33:07,790:INFO:Compiling Metrics
2020-08-22 13:33:07,797:INFO:Initializing Fold 5
2020-08-22 13:33:07,806:INFO:Fitting Model
2020-08-22 13:33:08,503:INFO:Evaluating Metrics
2020-08-22 13:33:08,729:INFO:Compiling Metrics
2020-08-22 13:33:08,736:INFO:Initializing Fold 6
2020-08-22 13:33:08,745:INFO:Fitting Model
2020-08-22 13:33:09,452:INFO:Evaluating Metrics
2020-08-22 13:33:09,676:INFO:Compiling Metrics
2020-08-22 13:33:09,684:INFO:Initializing Fold 7
2020-08-22 13:33:09,697:INFO:Fitting Model
2020-08-22 13:33:10,397:INFO:Evaluating Metrics
2020-08-22 13:33:10,613:INFO:Compiling Metrics
2020-08-22 13:33:10,620:INFO:Initializing Fold 8
2020-08-22 13:33:10,628:INFO:Fitting Model
2020-08-22 13:33:11,334:INFO:Evaluating Metrics
2020-08-22 13:33:11,561:INFO:Compiling Metrics
2020-08-22 13:33:11,568:INFO:Initializing Fold 9
2020-08-22 13:33:11,578:INFO:Fitting Model
2020-08-22 13:33:12,257:INFO:Evaluating Metrics
2020-08-22 13:33:12,501:INFO:Compiling Metrics
2020-08-22 13:33:12,508:INFO:Initializing Fold 10
2020-08-22 13:33:12,533:INFO:Fitting Model
2020-08-22 13:33:13,206:INFO:Evaluating Metrics
2020-08-22 13:33:13,425:INFO:Compiling Metrics
2020-08-22 13:33:13,432:INFO:Calculating mean and std
2020-08-22 13:33:13,433:INFO:Creating metrics dataframe
2020-08-22 13:33:13,452:INFO:Initializing Extreme Gradient Boosting
2020-08-22 13:33:13,466:INFO:Initializing Fold 1
2020-08-22 13:33:13,478:INFO:Fitting Model
2020-08-22 13:33:14,383:INFO:Evaluating Metrics
2020-08-22 13:33:14,413:INFO:Compiling Metrics
2020-08-22 13:33:14,422:INFO:Initializing Fold 2
2020-08-22 13:33:14,435:INFO:Fitting Model
2020-08-22 13:33:15,138:INFO:Evaluating Metrics
2020-08-22 13:33:15,166:INFO:Compiling Metrics
2020-08-22 13:33:15,173:INFO:Initializing Fold 3
2020-08-22 13:33:15,181:INFO:Fitting Model
2020-08-22 13:33:15,888:INFO:Evaluating Metrics
2020-08-22 13:33:15,918:INFO:Compiling Metrics
2020-08-22 13:33:15,926:INFO:Initializing Fold 4
2020-08-22 13:33:15,938:INFO:Fitting Model
2020-08-22 13:33:16,609:INFO:Evaluating Metrics
2020-08-22 13:33:16,637:INFO:Compiling Metrics
2020-08-22 13:33:16,644:INFO:Initializing Fold 5
2020-08-22 13:33:16,654:INFO:Fitting Model
2020-08-22 13:33:17,343:INFO:Evaluating Metrics
2020-08-22 13:33:17,369:INFO:Compiling Metrics
2020-08-22 13:33:17,377:INFO:Initializing Fold 6
2020-08-22 13:33:17,385:INFO:Fitting Model
2020-08-22 13:33:18,083:INFO:Evaluating Metrics
2020-08-22 13:33:18,110:INFO:Compiling Metrics
2020-08-22 13:33:18,117:INFO:Initializing Fold 7
2020-08-22 13:33:18,138:INFO:Fitting Model
2020-08-22 13:33:18,820:INFO:Evaluating Metrics
2020-08-22 13:33:18,849:INFO:Compiling Metrics
2020-08-22 13:33:18,864:INFO:Initializing Fold 8
2020-08-22 13:33:18,878:INFO:Fitting Model
2020-08-22 13:33:19,575:INFO:Evaluating Metrics
2020-08-22 13:33:19,604:INFO:Compiling Metrics
2020-08-22 13:33:19,612:INFO:Initializing Fold 9
2020-08-22 13:33:19,622:INFO:Fitting Model
2020-08-22 13:33:20,293:INFO:Evaluating Metrics
2020-08-22 13:33:20,319:INFO:Compiling Metrics
2020-08-22 13:33:20,328:INFO:Initializing Fold 10
2020-08-22 13:33:20,338:INFO:Fitting Model
2020-08-22 13:33:21,198:INFO:Evaluating Metrics
2020-08-22 13:33:21,235:INFO:Compiling Metrics
2020-08-22 13:33:21,244:INFO:Calculating mean and std
2020-08-22 13:33:21,244:INFO:Creating metrics dataframe
2020-08-22 13:33:21,279:INFO:Initializing Light Gradient Boosting Machine
2020-08-22 13:33:21,290:INFO:Initializing Fold 1
2020-08-22 13:33:21,315:INFO:Fitting Model
2020-08-22 13:33:21,573:INFO:Evaluating Metrics
2020-08-22 13:33:21,712:INFO:Compiling Metrics
2020-08-22 13:33:21,729:INFO:Initializing Fold 2
2020-08-22 13:33:21,748:INFO:Fitting Model
2020-08-22 13:33:21,963:INFO:Evaluating Metrics
2020-08-22 13:33:22,010:INFO:Compiling Metrics
2020-08-22 13:33:22,017:INFO:Initializing Fold 3
2020-08-22 13:33:22,055:INFO:Fitting Model
2020-08-22 13:33:22,374:INFO:Evaluating Metrics
2020-08-22 13:33:22,514:INFO:Compiling Metrics
2020-08-22 13:33:22,544:INFO:Initializing Fold 4
2020-08-22 13:33:22,572:INFO:Fitting Model
2020-08-22 13:33:22,920:INFO:Evaluating Metrics
2020-08-22 13:33:22,982:INFO:Compiling Metrics
2020-08-22 13:33:22,999:INFO:Initializing Fold 5
2020-08-22 13:33:23,048:INFO:Fitting Model
2020-08-22 13:33:23,948:INFO:Evaluating Metrics
2020-08-22 13:33:24,120:INFO:Compiling Metrics
2020-08-22 13:33:24,165:INFO:Initializing Fold 6
2020-08-22 13:33:24,214:INFO:Fitting Model
2020-08-22 13:33:24,595:INFO:Evaluating Metrics
2020-08-22 13:33:24,734:INFO:Compiling Metrics
2020-08-22 13:33:24,759:INFO:Initializing Fold 7
2020-08-22 13:33:24,903:INFO:Fitting Model
2020-08-22 13:33:25,489:INFO:Evaluating Metrics
2020-08-22 13:33:25,536:INFO:Compiling Metrics
2020-08-22 13:33:25,545:INFO:Initializing Fold 8
2020-08-22 13:33:25,561:INFO:Fitting Model
2020-08-22 13:33:25,813:INFO:Evaluating Metrics
2020-08-22 13:33:25,849:INFO:Compiling Metrics
2020-08-22 13:33:25,856:INFO:Initializing Fold 9
2020-08-22 13:33:25,866:INFO:Fitting Model
2020-08-22 13:33:26,050:INFO:Evaluating Metrics
2020-08-22 13:33:26,083:INFO:Compiling Metrics
2020-08-22 13:33:26,092:INFO:Initializing Fold 10
2020-08-22 13:33:26,118:INFO:Fitting Model
2020-08-22 13:33:26,260:INFO:Evaluating Metrics
2020-08-22 13:33:26,336:INFO:Compiling Metrics
2020-08-22 13:33:26,351:INFO:Calculating mean and std
2020-08-22 13:33:26,352:INFO:Creating metrics dataframe
2020-08-22 13:33:26,386:INFO:Initializing CatBoost Classifier
2020-08-22 13:33:26,401:INFO:Initializing Fold 1
2020-08-22 13:33:26,410:INFO:Fitting Model
2020-08-22 13:33:44,470:INFO:Evaluating Metrics
2020-08-22 13:33:44,535:INFO:Compiling Metrics
2020-08-22 13:33:44,545:INFO:Initializing Fold 2
2020-08-22 13:33:44,567:INFO:Fitting Model
2020-08-22 13:34:04,326:INFO:Evaluating Metrics
2020-08-22 13:34:04,368:INFO:Compiling Metrics
2020-08-22 13:34:04,376:INFO:Initializing Fold 3
2020-08-22 13:34:04,390:INFO:Fitting Model
2020-08-22 13:34:24,687:INFO:Evaluating Metrics
2020-08-22 13:34:24,743:INFO:Compiling Metrics
2020-08-22 13:34:24,751:INFO:Initializing Fold 4
2020-08-22 13:34:24,770:INFO:Fitting Model
2020-08-22 13:34:42,706:INFO:Evaluating Metrics
2020-08-22 13:34:42,749:INFO:Compiling Metrics
2020-08-22 13:34:42,757:INFO:Initializing Fold 5
2020-08-22 13:34:42,769:INFO:Fitting Model
2020-08-22 13:34:59,235:INFO:Evaluating Metrics
2020-08-22 13:34:59,329:INFO:Compiling Metrics
2020-08-22 13:34:59,341:INFO:Initializing Fold 6
2020-08-22 13:34:59,352:INFO:Fitting Model
2020-08-22 13:35:19,100:INFO:Evaluating Metrics
2020-08-22 13:35:19,142:INFO:Compiling Metrics
2020-08-22 13:35:19,154:INFO:Initializing Fold 7
2020-08-22 13:35:19,177:INFO:Fitting Model
2020-08-22 13:35:43,450:INFO:Evaluating Metrics
2020-08-22 13:35:43,521:INFO:Compiling Metrics
2020-08-22 13:35:43,581:INFO:Initializing Fold 8
2020-08-22 13:35:43,633:INFO:Fitting Model
2020-08-22 13:36:03,034:INFO:Evaluating Metrics
2020-08-22 13:36:03,258:INFO:Compiling Metrics
2020-08-22 13:36:03,288:INFO:Initializing Fold 9
2020-08-22 13:36:03,325:INFO:Fitting Model
2020-08-22 13:36:25,951:INFO:Evaluating Metrics
2020-08-22 13:36:25,993:INFO:Compiling Metrics
2020-08-22 13:36:26,000:INFO:Initializing Fold 10
2020-08-22 13:36:26,012:INFO:Fitting Model
2020-08-22 13:36:42,617:INFO:Evaluating Metrics
2020-08-22 13:36:42,655:INFO:Compiling Metrics
2020-08-22 13:36:42,662:INFO:Calculating mean and std
2020-08-22 13:36:42,663:INFO:Creating metrics dataframe
2020-08-22 13:36:42,699:INFO:Finalizing top_n models
2020-08-22 13:36:42,699:INFO:SubProcess create_model() called ==================================
2020-08-22 13:36:42,712:INFO:Initializing create_model()
2020-08-22 13:36:42,712:INFO:create_model(estimator=catboost, ensemble=False, method=None, fold=10, round=4, cross_validation=True, verbose=False, system=False)
2020-08-22 13:36:42,712:INFO:Checking exceptions
2020-08-22 13:36:42,712:INFO:Preloading libraries
2020-08-22 13:36:42,712:INFO:Preparing display monitor
2020-08-22 13:36:42,726:INFO:Copying training dataset
2020-08-22 13:36:42,728:INFO:Importing libraries
2020-08-22 13:36:42,729:INFO:Defining folds
2020-08-22 13:36:42,730:INFO:Declaring metric variables
2020-08-22 13:36:42,730:INFO:Importing untrained model
2020-08-22 13:36:42,731:INFO:CatBoost Classifier Imported succesfully
2020-08-22 13:36:42,732:INFO:Checking ensemble method
2020-08-22 13:36:42,733:INFO:Target variable is Multiclass. OneVsRestClassifier activated
2020-08-22 13:36:42,736:INFO:Initializing Fold 1
2020-08-22 13:36:42,740:INFO:Fitting Model
2020-08-22 13:36:54,124:INFO:Evaluating Metrics
2020-08-22 13:36:54,165:INFO:Compiling Metrics
2020-08-22 13:36:54,175:INFO:Initializing Fold 2
2020-08-22 13:36:54,180:INFO:Fitting Model
2020-08-22 13:37:04,099:INFO:Evaluating Metrics
2020-08-22 13:37:04,198:INFO:Compiling Metrics
2020-08-22 13:37:04,220:INFO:Initializing Fold 3
2020-08-22 13:37:04,225:INFO:Fitting Model
2020-08-22 13:37:14,425:INFO:Evaluating Metrics
2020-08-22 13:37:14,465:INFO:Compiling Metrics
2020-08-22 13:37:14,476:INFO:Initializing Fold 4
2020-08-22 13:37:14,480:INFO:Fitting Model
2020-08-22 13:37:27,363:INFO:Evaluating Metrics
2020-08-22 13:37:27,421:INFO:Compiling Metrics
2020-08-22 13:37:27,432:INFO:Initializing Fold 5
2020-08-22 13:37:27,434:INFO:Fitting Model
2020-08-22 13:37:36,173:INFO:Evaluating Metrics
2020-08-22 13:37:36,223:INFO:Compiling Metrics
2020-08-22 13:37:36,231:INFO:Initializing Fold 6
2020-08-22 13:37:36,233:INFO:Fitting Model
2020-08-22 13:37:45,288:INFO:Evaluating Metrics
2020-08-22 13:37:45,327:INFO:Compiling Metrics
2020-08-22 13:37:45,336:INFO:Initializing Fold 7
2020-08-22 13:37:45,338:INFO:Fitting Model
2020-08-22 13:37:54,269:INFO:Evaluating Metrics
2020-08-22 13:37:54,309:INFO:Compiling Metrics
2020-08-22 13:37:54,317:INFO:Initializing Fold 8
2020-08-22 13:37:54,320:INFO:Fitting Model
2020-08-22 13:38:03,566:INFO:Evaluating Metrics
2020-08-22 13:38:03,606:INFO:Compiling Metrics
2020-08-22 13:38:03,616:INFO:Initializing Fold 9
2020-08-22 13:38:03,618:INFO:Fitting Model
2020-08-22 13:38:12,648:INFO:Evaluating Metrics
2020-08-22 13:38:12,686:INFO:Compiling Metrics
2020-08-22 13:38:12,695:INFO:Initializing Fold 10
2020-08-22 13:38:12,698:INFO:Fitting Model
2020-08-22 13:38:21,206:INFO:Evaluating Metrics
2020-08-22 13:38:21,252:INFO:Compiling Metrics
2020-08-22 13:38:21,281:INFO:Calculating mean and std
2020-08-22 13:38:21,283:INFO:Creating metrics dataframe
2020-08-22 13:38:21,294:INFO:Finalizing model
2020-08-22 13:38:29,979:INFO:Uploading results into container
2020-08-22 13:38:29,979:INFO:Uploading model into container now
2020-08-22 13:38:29,979:INFO:create_model_container: 1
2020-08-22 13:38:29,979:INFO:master_model_container: 1
2020-08-22 13:38:29,980:INFO:display_container: 1
2020-08-22 13:38:29,981:INFO:OneVsRestClassifier(estimator=<catboost.core.CatBoostClassifier object at 0x1370820a0>,
                    n_jobs=-1)
2020-08-22 13:38:29,981:INFO:create_model() succesfully completed......................................
2020-08-22 13:38:29,981:INFO:SubProcess create_model() end ==================================
2020-08-22 13:38:30,081:INFO:create_model_container: 1
2020-08-22 13:38:30,081:INFO:master_model_container: 1
2020-08-22 13:38:30,081:INFO:display_container: 2
2020-08-22 13:38:30,082:INFO:OneVsRestClassifier(estimator=<catboost.core.CatBoostClassifier object at 0x1370820a0>,
                    n_jobs=-1)
2020-08-22 13:38:30,082:INFO:compare_models() succesfully completed......................................
